<?xml version="1.0" encoding="UTF-8"?>

<!--
  ~ The MIT License (MIT)
  ~
  ~ Copyright (c) 2013 Nicolas Moser
  ~
  ~ Permission is hereby granted, free of charge, to any person obtaining a copy of
  ~ this software and associated documentation files (the "Software"), to deal in
  ~ the Software without restriction, including without limitation the rights to
  ~ use, copy, modify, merge, publish, distribute, sublicense, and/or sell copies of
  ~ the Software, and to permit persons to whom the Software is furnished to do so,
  ~ subject to the following conditions:
  ~
  ~ The above copyright notice and this permission notice shall be included in all
  ~ copies or substantial portions of the Software.
  ~
  ~ THE SOFTWARE IS PROVIDED "AS IS", WITHOUT WARRANTY OF ANY KIND, EXPRESS OR
  ~ IMPLIED, INCLUDING BUT NOT LIMITED TO THE WARRANTIES OF MERCHANTABILITY, FITNESS
  ~ FOR A PARTICULAR PURPOSE AND NONINFRINGEMENT. IN NO EVENT SHALL THE AUTHORS OR
  ~ COPYRIGHT HOLDERS BE LIABLE FOR ANY CLAIM, DAMAGES OR OTHER LIABILITY, WHETHER
  ~ IN AN ACTION OF CONTRACT, TORT OR OTHERWISE, ARISING FROM, OUT OF OR IN
  ~ CONNECTION WITH THE SOFTWARE OR THE USE OR OTHER DEALINGS IN THE SOFTWARE.
  -->
<datasources xmlns="http://www.jboss.org/ironjacamar/schema"
             xmlns:xsi="http://www.w3.org/2001/XMLSchema-instance"
             xsi:schemaLocation="http://www.jboss.org/ironjacamar/schema http://docs.jboss.org/ironjacamar/schema/datasources_1_0.xsd">

    <datasource jndi-name="java:jboss/datasources/MysqlDS"
                pool-name="conference" enabled="true"
                use-java-context="true">

        <connection-url>jdbc:mysql://localhost:3306/conference</connection-url>
        <driver>mysql-connector-java-5.1.26.jar</driver>

        <pool>
            <min-pool-size>100</min-pool-size>
            <max-pool-size>200</max-pool-size>
            <prefill>true</prefill>
            <use-strict-min>false</use-strict-min>
            <flush-strategy>FailingConnectionOnly</flush-strategy>
        </pool>

        <security>
            <user-name>travis</user-name>
            <password></password>
        </security>

    </datasource>

</datasources>
